<?xml version="1.0" encoding="UTF-8"?>
<!-- Generated by org.testng.reporters.JUnitXMLReporter -->
<testsuite ignored="0" hostname="DESKTOP-2K9ARL2" failures="2" tests="20" name="Test" time="77.745" errors="0" timestamp="2024-10-19T21:26:56 IST">
  <testcase classname="tastCases.InventoryTest" name="@AfterMethod closeBrowser" time="0.117">
    <failure type="org.openqa.selenium.NoSuchSessionException" message="invalid session id
Build info: version: &amp;apos;4.11.0&amp;apos;, revision: &amp;apos;040bc5406b&amp;apos;
System info: os.name: &amp;apos;Windows 10&amp;apos;, os.arch: &amp;apos;amd64&amp;apos;, os.version: &amp;apos;10.0&amp;apos;, java.version: &amp;apos;17.0.6&amp;apos;
Driver info: org.openqa.selenium.chrome.ChromeDriver
Command: [e4e84c1022371eefb63c6026078c0f87, close {}]
Capabilities {acceptInsecureCerts: false, browserName: chrome, browserVersion: 129.0.6668.101, chrome: {chromedriverVersion: 129.0.6668.100 (cf58cba358d..., userDataDir: C:\Users\oskar\AppData\Loca...}, fedcm:accounts: true, goog:chromeOptions: {debuggerAddress: localhost:54856}, networkConnectionEnabled: false, pageLoadStrategy: normal, platformName: windows, proxy: Proxy(), se:cdp: ws://localhost:54856/devtoo..., se:cdpVersion: 129.0.6668.101, setWindowRect: true, strictFileInteractability: false, timeouts: {implicit: 0, pageLoad: 300000, script: 30000}, unhandledPromptBehavior: dismiss and notify, webauthn:extension:credBlob: true, webauthn:extension:largeBlob: true, webauthn:extension:minPinLength: true, webauthn:extension:prf: true, webauthn:virtualAuthenticators: true}
Session ID: e4e84c1022371eefb63c6026078c0f87">
      <![CDATA[org.openqa.selenium.NoSuchSessionException: invalid session id
Build info: version: '4.11.0', revision: '040bc5406b'
System info: os.name: 'Windows 10', os.arch: 'amd64', os.version: '10.0', java.version: '17.0.6'
Driver info: org.openqa.selenium.chrome.ChromeDriver
Command: [e4e84c1022371eefb63c6026078c0f87, close {}]
Capabilities {acceptInsecureCerts: false, browserName: chrome, browserVersion: 129.0.6668.101, chrome: {chromedriverVersion: 129.0.6668.100 (cf58cba358d..., userDataDir: C:\Users\oskar\AppData\Loca...}, fedcm:accounts: true, goog:chromeOptions: {debuggerAddress: localhost:54856}, networkConnectionEnabled: false, pageLoadStrategy: normal, platformName: windows, proxy: Proxy(), se:cdp: ws://localhost:54856/devtoo..., se:cdpVersion: 129.0.6668.101, setWindowRect: true, strictFileInteractability: false, timeouts: {implicit: 0, pageLoad: 300000, script: 30000}, unhandledPromptBehavior: dismiss and notify, webauthn:extension:credBlob: true, webauthn:extension:largeBlob: true, webauthn:extension:minPinLength: true, webauthn:extension:prf: true, webauthn:virtualAuthenticators: true}
Session ID: e4e84c1022371eefb63c6026078c0f87
at org.openqa.selenium.remote.codec.w3c.W3CHttpResponseCodec.createException(W3CHttpResponseCodec.java:200)
at org.openqa.selenium.remote.codec.w3c.W3CHttpResponseCodec.decode(W3CHttpResponseCodec.java:133)
at org.openqa.selenium.remote.codec.w3c.W3CHttpResponseCodec.decode(W3CHttpResponseCodec.java:52)
at org.openqa.selenium.remote.HttpCommandExecutor.execute(HttpCommandExecutor.java:191)
at org.openqa.selenium.remote.service.DriverCommandExecutor.invokeExecute(DriverCommandExecutor.java:196)
at org.openqa.selenium.remote.service.DriverCommandExecutor.execute(DriverCommandExecutor.java:171)
at org.openqa.selenium.remote.RemoteWebDriver.execute(RemoteWebDriver.java:518)
at org.openqa.selenium.remote.RemoteWebDriver.execute(RemoteWebDriver.java:591)
at org.openqa.selenium.remote.RemoteWebDriver.execute(RemoteWebDriver.java:595)
at org.openqa.selenium.remote.RemoteWebDriver.close(RemoteWebDriver.java:405)
at tastCases.InventoryTest.closeBrowser(InventoryTest.java:95)
at java.base/java.util.ArrayList.forEach(ArrayList.java:1511)
... Removed 37 stack frames]]>
    </failure>
  </testcase> <!-- @AfterMethod closeBrowser -->
  <testcase classname="tastCases.InventoryTest" name="@BeforeMethod setUp" time="0.0">
    <skipped/>
  </testcase> <!-- @BeforeMethod setUp -->
  <testcase classname="tastCases.InventoryTest" name="@AfterMethod closeBrowser" time="0.0">
    <skipped/>
  </testcase> <!-- @AfterMethod closeBrowser -->
  <testcase classname="tastCases.InventoryTest" name="@BeforeMethod setUp" time="0.0">
    <skipped/>
  </testcase> <!-- @BeforeMethod setUp -->
  <testcase classname="tastCases.InventoryTest" name="@AfterMethod closeBrowser" time="0.0">
    <skipped/>
  </testcase> <!-- @AfterMethod closeBrowser -->
  <testcase classname="tastCases.InventoryTest" name="@BeforeMethod setUp" time="0.0">
    <skipped/>
  </testcase> <!-- @BeforeMethod setUp -->
  <testcase classname="tastCases.InventoryTest" name="@AfterMethod closeBrowser" time="0.0">
    <skipped/>
  </testcase> <!-- @AfterMethod closeBrowser -->
  <testcase classname="tastCases.InventoryTest" name="@BeforeMethod setUp" time="0.0">
    <skipped/>
  </testcase> <!-- @BeforeMethod setUp -->
  <testcase classname="tastCases.InventoryTest" name="@AfterMethod closeBrowser" time="0.0">
    <skipped/>
  </testcase> <!-- @AfterMethod closeBrowser -->
  <testcase classname="tastCases.InventoryTest" name="@BeforeMethod setUp" time="0.0">
    <skipped/>
  </testcase> <!-- @BeforeMethod setUp -->
  <testcase classname="tastCases.InventoryTest" name="@AfterMethod closeBrowser" time="0.0">
    <skipped/>
  </testcase> <!-- @AfterMethod closeBrowser -->
  <testcase classname="tastCases.InventoryTest" name="@BeforeMethod setUp" time="0.0">
    <skipped/>
  </testcase> <!-- @BeforeMethod setUp -->
  <testcase classname="tastCases.InventoryTest" name="@AfterMethod closeBrowser" time="0.0">
    <skipped/>
  </testcase> <!-- @AfterMethod closeBrowser -->
  <testcase classname="tastCases.InventoryTest" name="addcartproducts" time="0.951"/>
  <testcase classname="tastCases.InventoryTest" name="closeBrowser" time="0.219"/>
  <testcase classname="tastCases.InventoryTest" name="removecartproducts" time="0.0">
    <skipped/>
  </testcase> <!-- removecartproducts -->
  <testcase classname="tastCases.InventoryTest" name="verifyFacebookLogo" time="0.0">
    <skipped/>
  </testcase> <!-- verifyFacebookLogo -->
  <testcase classname="tastCases.InventoryTest" name="verifyLinkdlnLogo" time="0.001">
    <skipped/>
  </testcase> <!-- verifyLinkdlnLogo -->
  <testcase classname="tastCases.InventoryTest" name="verifyTitleOfInventorypageTest" time="0.0">
    <skipped/>
  </testcase> <!-- verifyTitleOfInventorypageTest -->
  <testcase classname="tastCases.InventoryTest" name="verifyTwitterLogo" time="0.0">
    <skipped/>
  </testcase> <!-- verifyTwitterLogo -->
  <testcase classname="tastCases.InventoryTest" name="verifyopenmenuBtn" time="0.0">
    <skipped/>
  </testcase> <!-- verifyopenmenuBtn -->
  <testcase classname="tastCases.LoginTest" name="LoginToApplicationTest" time="2.072"/>
  <testcase classname="tastCases.LoginTest" name="verifyTitleOfApplicationTest" time="0.085"/>
  <testcase classname="tastCases.LoginTest" name="verifyURLofApplicationTest" time="1.783">
    <failure type="java.lang.AssertionError" message="expected [https://www.saucedemo.com/] but found [https://www.saucedemo.com]">
      <![CDATA[java.lang.AssertionError: expected [https://www.saucedemo.com/] but found [https://www.saucedemo.com]
at tastCases.LoginTest.verifyURLofApplicationTest(LoginTest.java:31)
at java.base/java.util.ArrayList.forEach(ArrayList.java:1511)
... Removed 33 stack frames]]>
    </failure>
  </testcase> <!-- verifyURLofApplicationTest -->
  <testcase classname="tastCases.AddtoCart_Test" name="addToCartTest" time="0.089">
    <failure type="java.lang.AssertionError" message="expected [https://www.saucedemo.com/cart.html] but found [www.saucedemo.com/cart.html]">
      <![CDATA[java.lang.AssertionError: expected [https://www.saucedemo.com/cart.html] but found [www.saucedemo.com/cart.html]
at tastCases.AddtoCart_Test.addToCartTest(AddtoCart_Test.java:35)
at java.base/java.util.ArrayList.forEach(ArrayList.java:1511)
... Removed 33 stack frames]]>
    </failure>
  </testcase> <!-- addToCartTest -->
  <testcase classname="tastCases.AddtoCart_Test" name="verifyDescriptionLabelTest" time="0.065"/>
  <testcase classname="tastCases.AddtoCart_Test" name="verifyQtyLabelTest" time="0.082"/>
  <testcase classname="tastCases.AddtoCart_Test" name="verifySwaglabTitleTest" time="0.019"/>
  <testcase classname="tastCases.AddtoCart_Test" name="verifycartLabelTest" time="0.045"/>
  <testcase classname="tastCases.AddtoCart_Test" name="verifycheckoutbtnTest" time="0.206"/>
  <testcase classname="tastCases.AddtoCart_Test" name="verifycontinueBtnTest" time="0.067"/>
  <testcase classname="tastCases.Checkout_page1_test" name="inputInformationTest" time="0.518"/>
  <testcase classname="tastCases.Checkout_page1_test" name="verifyCheckLableTest" time="0.035"/>
</testsuite> <!-- Test -->
